[0.030s] Invoking command in '/home/achieng/robotics_projects/pick_n_place/build/moveit_resources_pr2_description': CMAKE_PREFIX_PATH=${CMAKE_PREFIX_PATH}:/home/achieng/robotics_projects/pick_n_place/install/panda_sim:/opt/ros/jazzy DEBUGINFOD_URLS=https://debuginfod.ubuntu.com /usr/bin/cmake /home/achieng/robotics_projects/pick_n_place/src/moveit_resources/pr2_description -DAMENT_CMAKE_SYMLINK_INSTALL=1 -DCMAKE_INSTALL_PREFIX=/home/achieng/robotics_projects/pick_n_place/install/moveit_resources_pr2_description
[0.187s] -- The C compiler identification is GNU 13.3.0
[0.344s] -- The CXX compiler identification is GNU 13.3.0
[0.381s] -- Detecting C compiler ABI info
[0.609s] -- Detecting C compiler ABI info - done
[0.643s] -- Check for working C compiler: /usr/bin/cc - skipped
[0.644s] -- Detecting C compile features
[0.646s] -- Detecting C compile features - done
[0.669s] -- Detecting CXX compiler ABI info
[0.920s] -- Detecting CXX compiler ABI info - done
[0.949s] -- Check for working CXX compiler: /usr/bin/c++ - skipped
[0.950s] -- Detecting CXX compile features
[0.953s] -- Detecting CXX compile features - done
[0.961s] -- Found ament_cmake: 2.5.3 (/opt/ros/jazzy/share/ament_cmake/cmake)
[1.399s] -- Found Python3: /usr/bin/python3 (found version "3.12.3") found components: Interpreter 
[1.597s] -- Override CMake install command with custom implementation using symlinks instead of copying resources
[1.979s] -- Configuring done (1.9s)
[1.990s] -- Generating done (0.0s)
[1.999s] -- Build files have been written to: /home/achieng/robotics_projects/pick_n_place/build/moveit_resources_pr2_description
[2.015s] Invoked command in '/home/achieng/robotics_projects/pick_n_place/build/moveit_resources_pr2_description' returned '0': CMAKE_PREFIX_PATH=${CMAKE_PREFIX_PATH}:/home/achieng/robotics_projects/pick_n_place/install/panda_sim:/opt/ros/jazzy DEBUGINFOD_URLS=https://debuginfod.ubuntu.com /usr/bin/cmake /home/achieng/robotics_projects/pick_n_place/src/moveit_resources/pr2_description -DAMENT_CMAKE_SYMLINK_INSTALL=1 -DCMAKE_INSTALL_PREFIX=/home/achieng/robotics_projects/pick_n_place/install/moveit_resources_pr2_description
[2.016s] Invoking command in '/home/achieng/robotics_projects/pick_n_place/build/moveit_resources_pr2_description': CMAKE_PREFIX_PATH=${CMAKE_PREFIX_PATH}:/home/achieng/robotics_projects/pick_n_place/install/panda_sim:/opt/ros/jazzy DEBUGINFOD_URLS=https://debuginfod.ubuntu.com /usr/bin/cmake --build /home/achieng/robotics_projects/pick_n_place/build/moveit_resources_pr2_description -- -j4 -l4
[2.136s] Invoked command in '/home/achieng/robotics_projects/pick_n_place/build/moveit_resources_pr2_description' returned '0': CMAKE_PREFIX_PATH=${CMAKE_PREFIX_PATH}:/home/achieng/robotics_projects/pick_n_place/install/panda_sim:/opt/ros/jazzy DEBUGINFOD_URLS=https://debuginfod.ubuntu.com /usr/bin/cmake --build /home/achieng/robotics_projects/pick_n_place/build/moveit_resources_pr2_description -- -j4 -l4
[2.138s] Invoking command in '/home/achieng/robotics_projects/pick_n_place/build/moveit_resources_pr2_description': CMAKE_PREFIX_PATH=${CMAKE_PREFIX_PATH}:/home/achieng/robotics_projects/pick_n_place/install/panda_sim:/opt/ros/jazzy DEBUGINFOD_URLS=https://debuginfod.ubuntu.com /usr/bin/cmake --install /home/achieng/robotics_projects/pick_n_place/build/moveit_resources_pr2_description
[2.163s] -- Install configuration: ""
[2.164s] -- Execute custom install script
[2.164s] -- Symlinking: /home/achieng/robotics_projects/pick_n_place/install/moveit_resources_pr2_description/share/ament_index/resource_index/package_run_dependencies/moveit_resources_pr2_description
[2.195s] -- Symlinking: /home/achieng/robotics_projects/pick_n_place/install/moveit_resources_pr2_description/share/ament_index/resource_index/parent_prefix_path/moveit_resources_pr2_description
[2.220s] -- Symlinking: /home/achieng/robotics_projects/pick_n_place/install/moveit_resources_pr2_description/share/moveit_resources_pr2_description/environment/ament_prefix_path.sh
[2.242s] -- Symlinking: /home/achieng/robotics_projects/pick_n_place/install/moveit_resources_pr2_description/share/moveit_resources_pr2_description/environment/ament_prefix_path.dsv
[2.263s] -- Symlinking: /home/achieng/robotics_projects/pick_n_place/install/moveit_resources_pr2_description/share/moveit_resources_pr2_description/environment/path.sh
[2.283s] -- Symlinking: /home/achieng/robotics_projects/pick_n_place/install/moveit_resources_pr2_description/share/moveit_resources_pr2_description/environment/path.dsv
[2.310s] -- Symlinking: /home/achieng/robotics_projects/pick_n_place/install/moveit_resources_pr2_description/share/moveit_resources_pr2_description/local_setup.bash
[2.332s] -- Symlinking: /home/achieng/robotics_projects/pick_n_place/install/moveit_resources_pr2_description/share/moveit_resources_pr2_description/local_setup.sh
[2.353s] -- Symlinking: /home/achieng/robotics_projects/pick_n_place/install/moveit_resources_pr2_description/share/moveit_resources_pr2_description/local_setup.zsh
[2.375s] -- Symlinking: /home/achieng/robotics_projects/pick_n_place/install/moveit_resources_pr2_description/share/moveit_resources_pr2_description/local_setup.dsv
[2.396s] -- Symlinking: /home/achieng/robotics_projects/pick_n_place/install/moveit_resources_pr2_description/share/moveit_resources_pr2_description/package.dsv
[2.416s] -- Symlinking: /home/achieng/robotics_projects/pick_n_place/install/moveit_resources_pr2_description/share/ament_index/resource_index/packages/moveit_resources_pr2_description
[2.437s] -- Symlinking: /home/achieng/robotics_projects/pick_n_place/install/moveit_resources_pr2_description/share/moveit_resources_pr2_description/cmake/moveit_resources_pr2_descriptionConfig.cmake
[2.458s] -- Symlinking: /home/achieng/robotics_projects/pick_n_place/install/moveit_resources_pr2_description/share/moveit_resources_pr2_description/cmake/moveit_resources_pr2_descriptionConfig-version.cmake
[2.478s] -- Symlinking: /home/achieng/robotics_projects/pick_n_place/install/moveit_resources_pr2_description/share/moveit_resources_pr2_description/package.xml
[2.501s] -- Symlinking: /home/achieng/robotics_projects/pick_n_place/install/moveit_resources_pr2_description/share/moveit_resources_pr2_description/srdf/robot.xml
[2.535s] -- Symlinking: /home/achieng/robotics_projects/pick_n_place/install/moveit_resources_pr2_description/share/moveit_resources_pr2_description/urdf/materials/textures/pr2_caster_texture.png
[2.556s] -- Symlinking: /home/achieng/robotics_projects/pick_n_place/install/moveit_resources_pr2_description/share/moveit_resources_pr2_description/urdf/materials/textures/pr2_wheel_left.png
[2.577s] -- Symlinking: /home/achieng/robotics_projects/pick_n_place/install/moveit_resources_pr2_description/share/moveit_resources_pr2_description/urdf/materials/textures/pr2_wheel_right.png
[2.605s] -- Symlinking: /home/achieng/robotics_projects/pick_n_place/install/moveit_resources_pr2_description/share/moveit_resources_pr2_description/urdf/meshes/base_v0/base.dae
[2.627s] -- Symlinking: /home/achieng/robotics_projects/pick_n_place/install/moveit_resources_pr2_description/share/moveit_resources_pr2_description/urdf/meshes/base_v0/base.stl
[2.646s] -- Symlinking: /home/achieng/robotics_projects/pick_n_place/install/moveit_resources_pr2_description/share/moveit_resources_pr2_description/urdf/meshes/base_v0/base_L.stl
[2.667s] -- Symlinking: /home/achieng/robotics_projects/pick_n_place/install/moveit_resources_pr2_description/share/moveit_resources_pr2_description/urdf/meshes/base_v0/base_color.tif
[2.688s] -- Symlinking: /home/achieng/robotics_projects/pick_n_place/install/moveit_resources_pr2_description/share/moveit_resources_pr2_description/urdf/meshes/base_v0/base_normals.tif
[2.733s] -- Symlinking: /home/achieng/robotics_projects/pick_n_place/install/moveit_resources_pr2_description/share/moveit_resources_pr2_description/urdf/meshes/base_v0/caster.stl
[2.764s] -- Symlinking: /home/achieng/robotics_projects/pick_n_place/install/moveit_resources_pr2_description/share/moveit_resources_pr2_description/urdf/meshes/base_v0/caster_L.stl
[2.795s] -- Symlinking: /home/achieng/robotics_projects/pick_n_place/install/moveit_resources_pr2_description/share/moveit_resources_pr2_description/urdf/meshes/base_v0/convex/base.dae
[2.814s] -- Symlinking: /home/achieng/robotics_projects/pick_n_place/install/moveit_resources_pr2_description/share/moveit_resources_pr2_description/urdf/meshes/base_v0/convex/base.xml
[2.832s] -- Symlinking: /home/achieng/robotics_projects/pick_n_place/install/moveit_resources_pr2_description/share/moveit_resources_pr2_description/urdf/meshes/base_v0/convex/base_L.dae
[2.852s] -- Symlinking: /home/achieng/robotics_projects/pick_n_place/install/moveit_resources_pr2_description/share/moveit_resources_pr2_description/urdf/meshes/base_v0/convex/base_L.xml
[2.873s] -- Symlinking: /home/achieng/robotics_projects/pick_n_place/install/moveit_resources_pr2_description/share/moveit_resources_pr2_description/urdf/meshes/base_v0/convex/base_L_convex.stla
[2.893s] -- Symlinking: /home/achieng/robotics_projects/pick_n_place/install/moveit_resources_pr2_description/share/moveit_resources_pr2_description/urdf/meshes/base_v0/convex/base_L_convex.stlb
[2.917s] -- Symlinking: /home/achieng/robotics_projects/pick_n_place/install/moveit_resources_pr2_description/share/moveit_resources_pr2_description/urdf/meshes/base_v0/convex/base_convex.stla
[2.935s] -- Symlinking: /home/achieng/robotics_projects/pick_n_place/install/moveit_resources_pr2_description/share/moveit_resources_pr2_description/urdf/meshes/base_v0/convex/base_convex.stlb
[2.963s] -- Symlinking: /home/achieng/robotics_projects/pick_n_place/install/moveit_resources_pr2_description/share/moveit_resources_pr2_description/urdf/meshes/base_v0/convex/caster.dae
[2.982s] -- Symlinking: /home/achieng/robotics_projects/pick_n_place/install/moveit_resources_pr2_description/share/moveit_resources_pr2_description/urdf/meshes/base_v0/convex/caster.xml
[3.004s] -- Symlinking: /home/achieng/robotics_projects/pick_n_place/install/moveit_resources_pr2_description/share/moveit_resources_pr2_description/urdf/meshes/base_v0/convex/caster_L.dae
[3.031s] -- Symlinking: /home/achieng/robotics_projects/pick_n_place/install/moveit_resources_pr2_description/share/moveit_resources_pr2_description/urdf/meshes/base_v0/convex/caster_L.xml
[3.052s] -- Symlinking: /home/achieng/robotics_projects/pick_n_place/install/moveit_resources_pr2_description/share/moveit_resources_pr2_description/urdf/meshes/base_v0/convex/caster_L_convex.stla
[3.073s] -- Symlinking: /home/achieng/robotics_projects/pick_n_place/install/moveit_resources_pr2_description/share/moveit_resources_pr2_description/urdf/meshes/base_v0/convex/caster_L_convex.stlb
[3.131s] -- Symlinking: /home/achieng/robotics_projects/pick_n_place/install/moveit_resources_pr2_description/share/moveit_resources_pr2_description/urdf/meshes/base_v0/convex/caster_convex.stla
[3.202s] -- Symlinking: /home/achieng/robotics_projects/pick_n_place/install/moveit_resources_pr2_description/share/moveit_resources_pr2_description/urdf/meshes/base_v0/convex/caster_convex.stlb
[3.226s] -- Symlinking: /home/achieng/robotics_projects/pick_n_place/install/moveit_resources_pr2_description/share/moveit_resources_pr2_description/urdf/meshes/base_v0/convex/pr2_wheel.dae
[3.256s] -- Symlinking: /home/achieng/robotics_projects/pick_n_place/install/moveit_resources_pr2_description/share/moveit_resources_pr2_description/urdf/meshes/base_v0/convex/pr2_wheel.xml
[3.294s] -- Symlinking: /home/achieng/robotics_projects/pick_n_place/install/moveit_resources_pr2_description/share/moveit_resources_pr2_description/urdf/meshes/base_v0/convex/pr2_wheel_convex.stla
[3.316s] -- Symlinking: /home/achieng/robotics_projects/pick_n_place/install/moveit_resources_pr2_description/share/moveit_resources_pr2_description/urdf/meshes/base_v0/convex/pr2_wheel_convex.stlb
[3.336s] -- Symlinking: /home/achieng/robotics_projects/pick_n_place/install/moveit_resources_pr2_description/share/moveit_resources_pr2_description/urdf/meshes/base_v0/convex/wheel.dae
[3.360s] -- Symlinking: /home/achieng/robotics_projects/pick_n_place/install/moveit_resources_pr2_description/share/moveit_resources_pr2_description/urdf/meshes/base_v0/convex/wheel.xml
[3.380s] -- Symlinking: /home/achieng/robotics_projects/pick_n_place/install/moveit_resources_pr2_description/share/moveit_resources_pr2_description/urdf/meshes/base_v0/convex/wheel_convex.stla
[3.401s] -- Symlinking: /home/achieng/robotics_projects/pick_n_place/install/moveit_resources_pr2_description/share/moveit_resources_pr2_description/urdf/meshes/base_v0/convex/wheel_convex.stlb
[3.427s] -- Symlinking: /home/achieng/robotics_projects/pick_n_place/install/moveit_resources_pr2_description/share/moveit_resources_pr2_description/urdf/meshes/base_v0/pr2_wheel.stl
[3.449s] -- Symlinking: /home/achieng/robotics_projects/pick_n_place/install/moveit_resources_pr2_description/share/moveit_resources_pr2_description/urdf/meshes/base_v0/wheel.dae
[3.470s] -- Symlinking: /home/achieng/robotics_projects/pick_n_place/install/moveit_resources_pr2_description/share/moveit_resources_pr2_description/urdf/meshes/base_v0/wheel.stl
[3.493s] -- Symlinking: /home/achieng/robotics_projects/pick_n_place/install/moveit_resources_pr2_description/share/moveit_resources_pr2_description/urdf/meshes/base_v0/wheel_color.tif
[3.514s] -- Symlinking: /home/achieng/robotics_projects/pick_n_place/install/moveit_resources_pr2_description/share/moveit_resources_pr2_description/urdf/meshes/base_v0/wheel_h.dae
[3.536s] -- Symlinking: /home/achieng/robotics_projects/pick_n_place/install/moveit_resources_pr2_description/share/moveit_resources_pr2_description/urdf/meshes/base_v0/wheel_h_color.tif
[3.557s] -- Symlinking: /home/achieng/robotics_projects/pick_n_place/install/moveit_resources_pr2_description/share/moveit_resources_pr2_description/urdf/meshes/base_v0/wheel_normals.tif
[3.590s] -- Symlinking: /home/achieng/robotics_projects/pick_n_place/install/moveit_resources_pr2_description/share/moveit_resources_pr2_description/urdf/meshes/forearm_v0/convex/forearm.dae
[3.619s] -- Symlinking: /home/achieng/robotics_projects/pick_n_place/install/moveit_resources_pr2_description/share/moveit_resources_pr2_description/urdf/meshes/forearm_v0/convex/forearm.xml
[3.642s] -- Symlinking: /home/achieng/robotics_projects/pick_n_place/install/moveit_resources_pr2_description/share/moveit_resources_pr2_description/urdf/meshes/forearm_v0/convex/forearm_convex.stla
[3.664s] -- Symlinking: /home/achieng/robotics_projects/pick_n_place/install/moveit_resources_pr2_description/share/moveit_resources_pr2_description/urdf/meshes/forearm_v0/convex/forearm_convex.stlb
[3.694s] -- Symlinking: /home/achieng/robotics_projects/pick_n_place/install/moveit_resources_pr2_description/share/moveit_resources_pr2_description/urdf/meshes/forearm_v0/convex/wrist_flex.dae
[3.720s] -- Symlinking: /home/achieng/robotics_projects/pick_n_place/install/moveit_resources_pr2_description/share/moveit_resources_pr2_description/urdf/meshes/forearm_v0/convex/wrist_flex.xml
[3.751s] -- Symlinking: /home/achieng/robotics_projects/pick_n_place/install/moveit_resources_pr2_description/share/moveit_resources_pr2_description/urdf/meshes/forearm_v0/convex/wrist_flex_convex.stla
[3.774s] -- Symlinking: /home/achieng/robotics_projects/pick_n_place/install/moveit_resources_pr2_description/share/moveit_resources_pr2_description/urdf/meshes/forearm_v0/convex/wrist_flex_convex.stlb
[3.799s] -- Symlinking: /home/achieng/robotics_projects/pick_n_place/install/moveit_resources_pr2_description/share/moveit_resources_pr2_description/urdf/meshes/forearm_v0/convex/wrist_roll.dae
[3.822s] -- Symlinking: /home/achieng/robotics_projects/pick_n_place/install/moveit_resources_pr2_description/share/moveit_resources_pr2_description/urdf/meshes/forearm_v0/convex/wrist_roll.xml
[3.844s] -- Symlinking: /home/achieng/robotics_projects/pick_n_place/install/moveit_resources_pr2_description/share/moveit_resources_pr2_description/urdf/meshes/forearm_v0/convex/wrist_roll_L.dae
[3.860s] -- Symlinking: /home/achieng/robotics_projects/pick_n_place/install/moveit_resources_pr2_description/share/moveit_resources_pr2_description/urdf/meshes/forearm_v0/convex/wrist_roll_L.xml
[3.881s] -- Symlinking: /home/achieng/robotics_projects/pick_n_place/install/moveit_resources_pr2_description/share/moveit_resources_pr2_description/urdf/meshes/forearm_v0/convex/wrist_roll_L_convex.stla
[3.902s] -- Symlinking: /home/achieng/robotics_projects/pick_n_place/install/moveit_resources_pr2_description/share/moveit_resources_pr2_description/urdf/meshes/forearm_v0/convex/wrist_roll_L_convex.stlb
[3.923s] -- Symlinking: /home/achieng/robotics_projects/pick_n_place/install/moveit_resources_pr2_description/share/moveit_resources_pr2_description/urdf/meshes/forearm_v0/convex/wrist_roll_convex.stla
[3.944s] -- Symlinking: /home/achieng/robotics_projects/pick_n_place/install/moveit_resources_pr2_description/share/moveit_resources_pr2_description/urdf/meshes/forearm_v0/convex/wrist_roll_convex.stlb
[3.966s] -- Symlinking: /home/achieng/robotics_projects/pick_n_place/install/moveit_resources_pr2_description/share/moveit_resources_pr2_description/urdf/meshes/forearm_v0/forearm.dae
[3.986s] -- Symlinking: /home/achieng/robotics_projects/pick_n_place/install/moveit_resources_pr2_description/share/moveit_resources_pr2_description/urdf/meshes/forearm_v0/forearm.jpg
[4.009s] -- Symlinking: /home/achieng/robotics_projects/pick_n_place/install/moveit_resources_pr2_description/share/moveit_resources_pr2_description/urdf/meshes/forearm_v0/forearm.stl
[4.033s] -- Symlinking: /home/achieng/robotics_projects/pick_n_place/install/moveit_resources_pr2_description/share/moveit_resources_pr2_description/urdf/meshes/forearm_v0/forearm_color.tif
[4.048s] -- Symlinking: /home/achieng/robotics_projects/pick_n_place/install/moveit_resources_pr2_description/share/moveit_resources_pr2_description/urdf/meshes/forearm_v0/forearm_normals.tif
[4.068s] -- Symlinking: /home/achieng/robotics_projects/pick_n_place/install/moveit_resources_pr2_description/share/moveit_resources_pr2_description/urdf/meshes/forearm_v0/wrist_color.tif
[4.090s] -- Symlinking: /home/achieng/robotics_projects/pick_n_place/install/moveit_resources_pr2_description/share/moveit_resources_pr2_description/urdf/meshes/forearm_v0/wrist_flex.dae
[4.110s] -- Symlinking: /home/achieng/robotics_projects/pick_n_place/install/moveit_resources_pr2_description/share/moveit_resources_pr2_description/urdf/meshes/forearm_v0/wrist_flex.stl
[4.130s] -- Symlinking: /home/achieng/robotics_projects/pick_n_place/install/moveit_resources_pr2_description/share/moveit_resources_pr2_description/urdf/meshes/forearm_v0/wrist_normals.tif
[4.150s] -- Symlinking: /home/achieng/robotics_projects/pick_n_place/install/moveit_resources_pr2_description/share/moveit_resources_pr2_description/urdf/meshes/forearm_v0/wrist_roll.stl
[4.170s] -- Symlinking: /home/achieng/robotics_projects/pick_n_place/install/moveit_resources_pr2_description/share/moveit_resources_pr2_description/urdf/meshes/forearm_v0/wrist_roll_L.stl
[4.192s] -- Symlinking: /home/achieng/robotics_projects/pick_n_place/install/moveit_resources_pr2_description/share/moveit_resources_pr2_description/urdf/meshes/gripper_v0/convex/finger_tip_l.dae
[4.211s] -- Symlinking: /home/achieng/robotics_projects/pick_n_place/install/moveit_resources_pr2_description/share/moveit_resources_pr2_description/urdf/meshes/gripper_v0/convex/finger_tip_l.xml
[4.234s] -- Symlinking: /home/achieng/robotics_projects/pick_n_place/install/moveit_resources_pr2_description/share/moveit_resources_pr2_description/urdf/meshes/gripper_v0/convex/finger_tip_l_convex.stla
[4.256s] -- Symlinking: /home/achieng/robotics_projects/pick_n_place/install/moveit_resources_pr2_description/share/moveit_resources_pr2_description/urdf/meshes/gripper_v0/convex/finger_tip_l_convex.stlb
[4.277s] -- Symlinking: /home/achieng/robotics_projects/pick_n_place/install/moveit_resources_pr2_description/share/moveit_resources_pr2_description/urdf/meshes/gripper_v0/convex/finger_tip_pad2_l.dae
[4.299s] -- Symlinking: /home/achieng/robotics_projects/pick_n_place/install/moveit_resources_pr2_description/share/moveit_resources_pr2_description/urdf/meshes/gripper_v0/convex/finger_tip_pad2_l.xml
[4.320s] -- Symlinking: /home/achieng/robotics_projects/pick_n_place/install/moveit_resources_pr2_description/share/moveit_resources_pr2_description/urdf/meshes/gripper_v0/convex/finger_tip_pad2_l_convex.stla
[4.342s] -- Symlinking: /home/achieng/robotics_projects/pick_n_place/install/moveit_resources_pr2_description/share/moveit_resources_pr2_description/urdf/meshes/gripper_v0/convex/finger_tip_pad2_l_convex.stlb
[4.362s] -- Symlinking: /home/achieng/robotics_projects/pick_n_place/install/moveit_resources_pr2_description/share/moveit_resources_pr2_description/urdf/meshes/gripper_v0/convex/finger_tip_pad2_r.dae
[4.382s] -- Symlinking: /home/achieng/robotics_projects/pick_n_place/install/moveit_resources_pr2_description/share/moveit_resources_pr2_description/urdf/meshes/gripper_v0/convex/finger_tip_pad2_r.xml
[4.403s] -- Symlinking: /home/achieng/robotics_projects/pick_n_place/install/moveit_resources_pr2_description/share/moveit_resources_pr2_description/urdf/meshes/gripper_v0/convex/finger_tip_pad2_r_convex.stla
[4.423s] -- Symlinking: /home/achieng/robotics_projects/pick_n_place/install/moveit_resources_pr2_description/share/moveit_resources_pr2_description/urdf/meshes/gripper_v0/convex/finger_tip_pad2_r_convex.stlb
[4.446s] -- Symlinking: /home/achieng/robotics_projects/pick_n_place/install/moveit_resources_pr2_description/share/moveit_resources_pr2_description/urdf/meshes/gripper_v0/convex/finger_tip_r.dae
[4.467s] -- Symlinking: /home/achieng/robotics_projects/pick_n_place/install/moveit_resources_pr2_description/share/moveit_resources_pr2_description/urdf/meshes/gripper_v0/convex/finger_tip_r.xml
[4.488s] -- Symlinking: /home/achieng/robotics_projects/pick_n_place/install/moveit_resources_pr2_description/share/moveit_resources_pr2_description/urdf/meshes/gripper_v0/convex/finger_tip_r_convex.stla
[4.510s] -- Symlinking: /home/achieng/robotics_projects/pick_n_place/install/moveit_resources_pr2_description/share/moveit_resources_pr2_description/urdf/meshes/gripper_v0/convex/finger_tip_r_convex.stlb
[4.531s] -- Symlinking: /home/achieng/robotics_projects/pick_n_place/install/moveit_resources_pr2_description/share/moveit_resources_pr2_description/urdf/meshes/gripper_v0/convex/gripper_palm.dae
[4.551s] -- Symlinking: /home/achieng/robotics_projects/pick_n_place/install/moveit_resources_pr2_description/share/moveit_resources_pr2_description/urdf/meshes/gripper_v0/convex/gripper_palm.xml
[4.573s] -- Symlinking: /home/achieng/robotics_projects/pick_n_place/install/moveit_resources_pr2_description/share/moveit_resources_pr2_description/urdf/meshes/gripper_v0/convex/gripper_palm_convex.stla
[4.593s] -- Symlinking: /home/achieng/robotics_projects/pick_n_place/install/moveit_resources_pr2_description/share/moveit_resources_pr2_description/urdf/meshes/gripper_v0/convex/gripper_palm_convex.stlb
[4.614s] -- Symlinking: /home/achieng/robotics_projects/pick_n_place/install/moveit_resources_pr2_description/share/moveit_resources_pr2_description/urdf/meshes/gripper_v0/convex/l_finger.dae
[4.635s] -- Symlinking: /home/achieng/robotics_projects/pick_n_place/install/moveit_resources_pr2_description/share/moveit_resources_pr2_description/urdf/meshes/gripper_v0/convex/l_finger.xml
[4.657s] -- Symlinking: /home/achieng/robotics_projects/pick_n_place/install/moveit_resources_pr2_description/share/moveit_resources_pr2_description/urdf/meshes/gripper_v0/convex/l_finger_convex.stla
[4.677s] -- Symlinking: /home/achieng/robotics_projects/pick_n_place/install/moveit_resources_pr2_description/share/moveit_resources_pr2_description/urdf/meshes/gripper_v0/convex/l_finger_convex.stlb
[4.699s] -- Symlinking: /home/achieng/robotics_projects/pick_n_place/install/moveit_resources_pr2_description/share/moveit_resources_pr2_description/urdf/meshes/gripper_v0/convex/l_finger_tip.dae
[4.721s] -- Symlinking: /home/achieng/robotics_projects/pick_n_place/install/moveit_resources_pr2_description/share/moveit_resources_pr2_description/urdf/meshes/gripper_v0/convex/l_finger_tip.xml
[4.744s] -- Symlinking: /home/achieng/robotics_projects/pick_n_place/install/moveit_resources_pr2_description/share/moveit_resources_pr2_description/urdf/meshes/gripper_v0/convex/l_finger_tip_convex.stla
[4.766s] -- Symlinking: /home/achieng/robotics_projects/pick_n_place/install/moveit_resources_pr2_description/share/moveit_resources_pr2_description/urdf/meshes/gripper_v0/convex/l_finger_tip_convex.stlb
[4.785s] -- Symlinking: /home/achieng/robotics_projects/pick_n_place/install/moveit_resources_pr2_description/share/moveit_resources_pr2_description/urdf/meshes/gripper_v0/convex/l_floating.dae
[4.806s] -- Symlinking: /home/achieng/robotics_projects/pick_n_place/install/moveit_resources_pr2_description/share/moveit_resources_pr2_description/urdf/meshes/gripper_v0/convex/l_floating.xml
[4.828s] -- Symlinking: /home/achieng/robotics_projects/pick_n_place/install/moveit_resources_pr2_description/share/moveit_resources_pr2_description/urdf/meshes/gripper_v0/convex/l_floating_convex.stla
[4.848s] -- Symlinking: /home/achieng/robotics_projects/pick_n_place/install/moveit_resources_pr2_description/share/moveit_resources_pr2_description/urdf/meshes/gripper_v0/convex/l_floating_convex.stlb
[4.869s] -- Symlinking: /home/achieng/robotics_projects/pick_n_place/install/moveit_resources_pr2_description/share/moveit_resources_pr2_description/urdf/meshes/gripper_v0/convex/upper_finger_l.dae
[4.891s] -- Symlinking: /home/achieng/robotics_projects/pick_n_place/install/moveit_resources_pr2_description/share/moveit_resources_pr2_description/urdf/meshes/gripper_v0/convex/upper_finger_l.xml
[4.916s] -- Symlinking: /home/achieng/robotics_projects/pick_n_place/install/moveit_resources_pr2_description/share/moveit_resources_pr2_description/urdf/meshes/gripper_v0/convex/upper_finger_l_convex.stla
[4.940s] -- Symlinking: /home/achieng/robotics_projects/pick_n_place/install/moveit_resources_pr2_description/share/moveit_resources_pr2_description/urdf/meshes/gripper_v0/convex/upper_finger_l_convex.stlb
[4.968s] -- Symlinking: /home/achieng/robotics_projects/pick_n_place/install/moveit_resources_pr2_description/share/moveit_resources_pr2_description/urdf/meshes/gripper_v0/convex/upper_finger_r.dae
[4.991s] -- Symlinking: /home/achieng/robotics_projects/pick_n_place/install/moveit_resources_pr2_description/share/moveit_resources_pr2_description/urdf/meshes/gripper_v0/convex/upper_finger_r.xml
[5.016s] -- Symlinking: /home/achieng/robotics_projects/pick_n_place/install/moveit_resources_pr2_description/share/moveit_resources_pr2_description/urdf/meshes/gripper_v0/convex/upper_finger_r_convex.stla
[5.043s] -- Symlinking: /home/achieng/robotics_projects/pick_n_place/install/moveit_resources_pr2_description/share/moveit_resources_pr2_description/urdf/meshes/gripper_v0/convex/upper_finger_r_convex.stlb
[5.068s] -- Symlinking: /home/achieng/robotics_projects/pick_n_place/install/moveit_resources_pr2_description/share/moveit_resources_pr2_description/urdf/meshes/gripper_v0/finger_H_Color_100430.tif
[5.099s] -- Symlinking: /home/achieng/robotics_projects/pick_n_place/install/moveit_resources_pr2_description/share/moveit_resources_pr2_description/urdf/meshes/gripper_v0/finger_H_UV_100430.dae
[5.125s] -- Symlinking: /home/achieng/robotics_projects/pick_n_place/install/moveit_resources_pr2_description/share/moveit_resources_pr2_description/urdf/meshes/gripper_v0/finger_tip_H_UV_100430.dae
[5.155s] -- Symlinking: /home/achieng/robotics_projects/pick_n_place/install/moveit_resources_pr2_description/share/moveit_resources_pr2_description/urdf/meshes/gripper_v0/finger_tip_l.stl
[5.183s] -- Symlinking: /home/achieng/robotics_projects/pick_n_place/install/moveit_resources_pr2_description/share/moveit_resources_pr2_description/urdf/meshes/gripper_v0/finger_tip_pad2_l.stl
[5.213s] -- Symlinking: /home/achieng/robotics_projects/pick_n_place/install/moveit_resources_pr2_description/share/moveit_resources_pr2_description/urdf/meshes/gripper_v0/finger_tip_pad2_r.stl
[5.237s] -- Symlinking: /home/achieng/robotics_projects/pick_n_place/install/moveit_resources_pr2_description/share/moveit_resources_pr2_description/urdf/meshes/gripper_v0/finger_tip_r.stl
[5.261s] -- Symlinking: /home/achieng/robotics_projects/pick_n_place/install/moveit_resources_pr2_description/share/moveit_resources_pr2_description/urdf/meshes/gripper_v0/fingertip_H_Color_100430.tif
[5.279s] -- Symlinking: /home/achieng/robotics_projects/pick_n_place/install/moveit_resources_pr2_description/share/moveit_resources_pr2_description/urdf/meshes/gripper_v0/float_H_Color_100430.tif
[5.300s] -- Symlinking: /home/achieng/robotics_projects/pick_n_place/install/moveit_resources_pr2_description/share/moveit_resources_pr2_description/urdf/meshes/gripper_v0/float_H_UV_100430.dae
[5.318s] -- Symlinking: /home/achieng/robotics_projects/pick_n_place/install/moveit_resources_pr2_description/share/moveit_resources_pr2_description/urdf/meshes/gripper_v0/gripper_palm.dae
[5.338s] -- Symlinking: /home/achieng/robotics_projects/pick_n_place/install/moveit_resources_pr2_description/share/moveit_resources_pr2_description/urdf/meshes/gripper_v0/gripper_palm.stl
[5.364s] -- Symlinking: /home/achieng/robotics_projects/pick_n_place/install/moveit_resources_pr2_description/share/moveit_resources_pr2_description/urdf/meshes/gripper_v0/gripper_palm_color.tif
[5.385s] -- Symlinking: /home/achieng/robotics_projects/pick_n_place/install/moveit_resources_pr2_description/share/moveit_resources_pr2_description/urdf/meshes/gripper_v0/gripper_palm_normals.tif
[5.407s] -- Symlinking: /home/achieng/robotics_projects/pick_n_place/install/moveit_resources_pr2_description/share/moveit_resources_pr2_description/urdf/meshes/gripper_v0/l_finger.dae
[5.429s] -- Symlinking: /home/achieng/robotics_projects/pick_n_place/install/moveit_resources_pr2_description/share/moveit_resources_pr2_description/urdf/meshes/gripper_v0/l_finger.stl
[5.452s] -- Symlinking: /home/achieng/robotics_projects/pick_n_place/install/moveit_resources_pr2_description/share/moveit_resources_pr2_description/urdf/meshes/gripper_v0/l_finger_color.tif
[5.474s] -- Symlinking: /home/achieng/robotics_projects/pick_n_place/install/moveit_resources_pr2_description/share/moveit_resources_pr2_description/urdf/meshes/gripper_v0/l_finger_normals.tif
[5.494s] -- Symlinking: /home/achieng/robotics_projects/pick_n_place/install/moveit_resources_pr2_description/share/moveit_resources_pr2_description/urdf/meshes/gripper_v0/l_finger_tip.dae
[5.515s] -- Symlinking: /home/achieng/robotics_projects/pick_n_place/install/moveit_resources_pr2_description/share/moveit_resources_pr2_description/urdf/meshes/gripper_v0/l_finger_tip.stl
[5.541s] -- Symlinking: /home/achieng/robotics_projects/pick_n_place/install/moveit_resources_pr2_description/share/moveit_resources_pr2_description/urdf/meshes/gripper_v0/l_finger_tip_color.tif
[5.563s] -- Symlinking: /home/achieng/robotics_projects/pick_n_place/install/moveit_resources_pr2_description/share/moveit_resources_pr2_description/urdf/meshes/gripper_v0/l_finger_tip_normals.tif
[5.584s] -- Symlinking: /home/achieng/robotics_projects/pick_n_place/install/moveit_resources_pr2_description/share/moveit_resources_pr2_description/urdf/meshes/gripper_v0/l_float.dae
[5.607s] -- Symlinking: /home/achieng/robotics_projects/pick_n_place/install/moveit_resources_pr2_description/share/moveit_resources_pr2_description/urdf/meshes/gripper_v0/l_float_color.tif
[5.625s] -- Symlinking: /home/achieng/robotics_projects/pick_n_place/install/moveit_resources_pr2_description/share/moveit_resources_pr2_description/urdf/meshes/gripper_v0/l_float_normals.tif
[5.647s] -- Symlinking: /home/achieng/robotics_projects/pick_n_place/install/moveit_resources_pr2_description/share/moveit_resources_pr2_description/urdf/meshes/gripper_v0/l_floating.stl
[5.665s] -- Symlinking: /home/achieng/robotics_projects/pick_n_place/install/moveit_resources_pr2_description/share/moveit_resources_pr2_description/urdf/meshes/gripper_v0/palm_H_Color_100430.tif
[5.687s] -- Symlinking: /home/achieng/robotics_projects/pick_n_place/install/moveit_resources_pr2_description/share/moveit_resources_pr2_description/urdf/meshes/gripper_v0/palm_H_UV_100430.dae
[5.708s] -- Symlinking: /home/achieng/robotics_projects/pick_n_place/install/moveit_resources_pr2_description/share/moveit_resources_pr2_description/urdf/meshes/gripper_v0/upper_finger_l.stl
[5.727s] -- Symlinking: /home/achieng/robotics_projects/pick_n_place/install/moveit_resources_pr2_description/share/moveit_resources_pr2_description/urdf/meshes/gripper_v0/upper_finger_r.stl
[5.748s] -- Symlinking: /home/achieng/robotics_projects/pick_n_place/install/moveit_resources_pr2_description/share/moveit_resources_pr2_description/urdf/meshes/head_v0/convex/head_pan.dae
[5.770s] -- Symlinking: /home/achieng/robotics_projects/pick_n_place/install/moveit_resources_pr2_description/share/moveit_resources_pr2_description/urdf/meshes/head_v0/convex/head_pan.xml
[5.791s] -- Symlinking: /home/achieng/robotics_projects/pick_n_place/install/moveit_resources_pr2_description/share/moveit_resources_pr2_description/urdf/meshes/head_v0/convex/head_pan_L.dae
[5.811s] -- Symlinking: /home/achieng/robotics_projects/pick_n_place/install/moveit_resources_pr2_description/share/moveit_resources_pr2_description/urdf/meshes/head_v0/convex/head_pan_L.xml
[5.831s] -- Symlinking: /home/achieng/robotics_projects/pick_n_place/install/moveit_resources_pr2_description/share/moveit_resources_pr2_description/urdf/meshes/head_v0/convex/head_pan_L_convex.stla
[5.854s] -- Symlinking: /home/achieng/robotics_projects/pick_n_place/install/moveit_resources_pr2_description/share/moveit_resources_pr2_description/urdf/meshes/head_v0/convex/head_pan_L_convex.stlb
[5.871s] -- Symlinking: /home/achieng/robotics_projects/pick_n_place/install/moveit_resources_pr2_description/share/moveit_resources_pr2_description/urdf/meshes/head_v0/convex/head_pan_convex.stla
[5.895s] -- Symlinking: /home/achieng/robotics_projects/pick_n_place/install/moveit_resources_pr2_description/share/moveit_resources_pr2_description/urdf/meshes/head_v0/convex/head_pan_convex.stlb
[5.911s] -- Symlinking: /home/achieng/robotics_projects/pick_n_place/install/moveit_resources_pr2_description/share/moveit_resources_pr2_description/urdf/meshes/head_v0/convex/head_tilt.dae
[5.935s] -- Symlinking: /home/achieng/robotics_projects/pick_n_place/install/moveit_resources_pr2_description/share/moveit_resources_pr2_description/urdf/meshes/head_v0/convex/head_tilt.xml
[5.952s] -- Symlinking: /home/achieng/robotics_projects/pick_n_place/install/moveit_resources_pr2_description/share/moveit_resources_pr2_description/urdf/meshes/head_v0/convex/head_tilt_L.dae
[5.971s] -- Symlinking: /home/achieng/robotics_projects/pick_n_place/install/moveit_resources_pr2_description/share/moveit_resources_pr2_description/urdf/meshes/head_v0/convex/head_tilt_L.xml
[5.991s] -- Symlinking: /home/achieng/robotics_projects/pick_n_place/install/moveit_resources_pr2_description/share/moveit_resources_pr2_description/urdf/meshes/head_v0/convex/head_tilt_L_convex.stla
[6.012s] -- Symlinking: /home/achieng/robotics_projects/pick_n_place/install/moveit_resources_pr2_description/share/moveit_resources_pr2_description/urdf/meshes/head_v0/convex/head_tilt_L_convex.stlb
[6.033s] -- Symlinking: /home/achieng/robotics_projects/pick_n_place/install/moveit_resources_pr2_description/share/moveit_resources_pr2_description/urdf/meshes/head_v0/convex/head_tilt_convex.stla
[6.055s] -- Symlinking: /home/achieng/robotics_projects/pick_n_place/install/moveit_resources_pr2_description/share/moveit_resources_pr2_description/urdf/meshes/head_v0/convex/head_tilt_convex.stlb
[6.074s] -- Symlinking: /home/achieng/robotics_projects/pick_n_place/install/moveit_resources_pr2_description/share/moveit_resources_pr2_description/urdf/meshes/head_v0/head_pan.dae
[6.094s] -- Symlinking: /home/achieng/robotics_projects/pick_n_place/install/moveit_resources_pr2_description/share/moveit_resources_pr2_description/urdf/meshes/head_v0/head_pan.stl
[6.113s] -- Symlinking: /home/achieng/robotics_projects/pick_n_place/install/moveit_resources_pr2_description/share/moveit_resources_pr2_description/urdf/meshes/head_v0/head_pan_L.stl
[6.133s] -- Symlinking: /home/achieng/robotics_projects/pick_n_place/install/moveit_resources_pr2_description/share/moveit_resources_pr2_description/urdf/meshes/head_v0/head_pan_color.tif
[6.153s] -- Symlinking: /home/achieng/robotics_projects/pick_n_place/install/moveit_resources_pr2_description/share/moveit_resources_pr2_description/urdf/meshes/head_v0/head_pan_normals.tif
[6.167s] -- Symlinking: /home/achieng/robotics_projects/pick_n_place/install/moveit_resources_pr2_description/share/moveit_resources_pr2_description/urdf/meshes/head_v0/head_tilt.dae
[6.180s] -- Symlinking: /home/achieng/robotics_projects/pick_n_place/install/moveit_resources_pr2_description/share/moveit_resources_pr2_description/urdf/meshes/head_v0/head_tilt.stl
[6.197s] -- Symlinking: /home/achieng/robotics_projects/pick_n_place/install/moveit_resources_pr2_description/share/moveit_resources_pr2_description/urdf/meshes/head_v0/head_tilt_L.stl
[6.216s] -- Symlinking: /home/achieng/robotics_projects/pick_n_place/install/moveit_resources_pr2_description/share/moveit_resources_pr2_description/urdf/meshes/head_v0/head_tilt_color.tif
[6.236s] -- Symlinking: /home/achieng/robotics_projects/pick_n_place/install/moveit_resources_pr2_description/share/moveit_resources_pr2_description/urdf/meshes/head_v0/head_tilt_color_red.tif
[6.257s] -- Symlinking: /home/achieng/robotics_projects/pick_n_place/install/moveit_resources_pr2_description/share/moveit_resources_pr2_description/urdf/meshes/head_v0/head_tilt_color_yellow.tif
[6.277s] -- Symlinking: /home/achieng/robotics_projects/pick_n_place/install/moveit_resources_pr2_description/share/moveit_resources_pr2_description/urdf/meshes/head_v0/head_tilt_green.tif
[6.296s] -- Symlinking: /home/achieng/robotics_projects/pick_n_place/install/moveit_resources_pr2_description/share/moveit_resources_pr2_description/urdf/meshes/head_v0/head_tilt_normals.tif
[6.316s] -- Symlinking: /home/achieng/robotics_projects/pick_n_place/install/moveit_resources_pr2_description/share/moveit_resources_pr2_description/urdf/meshes/sensors/kinect_prosilica_v0/115x100_swept_back--coarse.STL
[6.331s] -- Symlinking: /home/achieng/robotics_projects/pick_n_place/install/moveit_resources_pr2_description/share/moveit_resources_pr2_description/urdf/meshes/sensors/kinect_prosilica_v0/115x100_swept_back_no_sensors--coarse.STL
[6.344s] -- Symlinking: /home/achieng/robotics_projects/pick_n_place/install/moveit_resources_pr2_description/share/moveit_resources_pr2_description/urdf/meshes/sensors/kinect_prosilica_v0/115x100_swept_fwd--coarse.STL
[6.358s] -- Symlinking: /home/achieng/robotics_projects/pick_n_place/install/moveit_resources_pr2_description/share/moveit_resources_pr2_description/urdf/meshes/sensors/kinect_prosilica_v0/115x100_swept_fwd_no_sensors--coarse.STL
[6.372s] -- Symlinking: /home/achieng/robotics_projects/pick_n_place/install/moveit_resources_pr2_description/share/moveit_resources_pr2_description/urdf/meshes/sensors/kinect_prosilica_v0/68-04546_Kinect_Sensor--coarse.STL
[6.385s] -- Symlinking: /home/achieng/robotics_projects/pick_n_place/install/moveit_resources_pr2_description/share/moveit_resources_pr2_description/urdf/meshes/sensors/kinect_prosilica_v0/Prosilica_w_Lens--coarse.STL
[6.398s] -- Symlinking: /home/achieng/robotics_projects/pick_n_place/install/moveit_resources_pr2_description/share/moveit_resources_pr2_description/urdf/meshes/sensors/kinect_v0/kinect.dae
[6.411s] -- Symlinking: /home/achieng/robotics_projects/pick_n_place/install/moveit_resources_pr2_description/share/moveit_resources_pr2_description/urdf/meshes/sensors/kinect_v0/kinect.tga
[6.424s] -- Symlinking: /home/achieng/robotics_projects/pick_n_place/install/moveit_resources_pr2_description/share/moveit_resources_pr2_description/urdf/meshes/sensors/kinect_v0/kinect_color.tga
[6.437s] -- Symlinking: /home/achieng/robotics_projects/pick_n_place/install/moveit_resources_pr2_description/share/moveit_resources_pr2_description/urdf/meshes/sensors/kinect_v0/kinect_mount.stl
[6.450s] -- Symlinking: /home/achieng/robotics_projects/pick_n_place/install/moveit_resources_pr2_description/share/moveit_resources_pr2_description/urdf/meshes/shoulder_v0/convex/shoulder_lift.dae
[6.465s] -- Symlinking: /home/achieng/robotics_projects/pick_n_place/install/moveit_resources_pr2_description/share/moveit_resources_pr2_description/urdf/meshes/shoulder_v0/convex/shoulder_lift.xml
[6.483s] -- Symlinking: /home/achieng/robotics_projects/pick_n_place/install/moveit_resources_pr2_description/share/moveit_resources_pr2_description/urdf/meshes/shoulder_v0/convex/shoulder_lift_convex.stla
[6.501s] -- Symlinking: /home/achieng/robotics_projects/pick_n_place/install/moveit_resources_pr2_description/share/moveit_resources_pr2_description/urdf/meshes/shoulder_v0/convex/shoulder_lift_convex.stlb
[6.516s] -- Symlinking: /home/achieng/robotics_projects/pick_n_place/install/moveit_resources_pr2_description/share/moveit_resources_pr2_description/urdf/meshes/shoulder_v0/convex/shoulder_pan.dae
[6.530s] -- Symlinking: /home/achieng/robotics_projects/pick_n_place/install/moveit_resources_pr2_description/share/moveit_resources_pr2_description/urdf/meshes/shoulder_v0/convex/shoulder_pan.xml
[6.543s] -- Symlinking: /home/achieng/robotics_projects/pick_n_place/install/moveit_resources_pr2_description/share/moveit_resources_pr2_description/urdf/meshes/shoulder_v0/convex/shoulder_pan_convex.stla
[6.556s] -- Symlinking: /home/achieng/robotics_projects/pick_n_place/install/moveit_resources_pr2_description/share/moveit_resources_pr2_description/urdf/meshes/shoulder_v0/convex/shoulder_pan_convex.stlb
[6.569s] -- Symlinking: /home/achieng/robotics_projects/pick_n_place/install/moveit_resources_pr2_description/share/moveit_resources_pr2_description/urdf/meshes/shoulder_v0/convex/shoulder_yaw.dae
[6.582s] -- Symlinking: /home/achieng/robotics_projects/pick_n_place/install/moveit_resources_pr2_description/share/moveit_resources_pr2_description/urdf/meshes/shoulder_v0/convex/shoulder_yaw.xml
[6.595s] -- Symlinking: /home/achieng/robotics_projects/pick_n_place/install/moveit_resources_pr2_description/share/moveit_resources_pr2_description/urdf/meshes/shoulder_v0/convex/shoulder_yaw_convex.stla
[6.608s] -- Symlinking: /home/achieng/robotics_projects/pick_n_place/install/moveit_resources_pr2_description/share/moveit_resources_pr2_description/urdf/meshes/shoulder_v0/convex/shoulder_yaw_convex.stlb
[6.621s] -- Symlinking: /home/achieng/robotics_projects/pick_n_place/install/moveit_resources_pr2_description/share/moveit_resources_pr2_description/urdf/meshes/shoulder_v0/convex/upper_arm_roll.dae
[6.634s] -- Symlinking: /home/achieng/robotics_projects/pick_n_place/install/moveit_resources_pr2_description/share/moveit_resources_pr2_description/urdf/meshes/shoulder_v0/convex/upper_arm_roll.xml
[6.648s] -- Symlinking: /home/achieng/robotics_projects/pick_n_place/install/moveit_resources_pr2_description/share/moveit_resources_pr2_description/urdf/meshes/shoulder_v0/convex/upper_arm_roll_L.dae
[6.661s] -- Symlinking: /home/achieng/robotics_projects/pick_n_place/install/moveit_resources_pr2_description/share/moveit_resources_pr2_description/urdf/meshes/shoulder_v0/convex/upper_arm_roll_L.xml
[6.674s] -- Symlinking: /home/achieng/robotics_projects/pick_n_place/install/moveit_resources_pr2_description/share/moveit_resources_pr2_description/urdf/meshes/shoulder_v0/convex/upper_arm_roll_L_convex.stla
[6.687s] -- Symlinking: /home/achieng/robotics_projects/pick_n_place/install/moveit_resources_pr2_description/share/moveit_resources_pr2_description/urdf/meshes/shoulder_v0/convex/upper_arm_roll_L_convex.stlb
[6.701s] -- Symlinking: /home/achieng/robotics_projects/pick_n_place/install/moveit_resources_pr2_description/share/moveit_resources_pr2_description/urdf/meshes/shoulder_v0/convex/upper_arm_roll_convex.stla
[6.715s] -- Symlinking: /home/achieng/robotics_projects/pick_n_place/install/moveit_resources_pr2_description/share/moveit_resources_pr2_description/urdf/meshes/shoulder_v0/convex/upper_arm_roll_convex.stlb
[6.728s] -- Symlinking: /home/achieng/robotics_projects/pick_n_place/install/moveit_resources_pr2_description/share/moveit_resources_pr2_description/urdf/meshes/shoulder_v0/shoulder_lift.dae
[6.742s] -- Symlinking: /home/achieng/robotics_projects/pick_n_place/install/moveit_resources_pr2_description/share/moveit_resources_pr2_description/urdf/meshes/shoulder_v0/shoulder_lift.stl
[6.758s] -- Symlinking: /home/achieng/robotics_projects/pick_n_place/install/moveit_resources_pr2_description/share/moveit_resources_pr2_description/urdf/meshes/shoulder_v0/shoulder_lift_color.tif
[6.771s] -- Symlinking: /home/achieng/robotics_projects/pick_n_place/install/moveit_resources_pr2_description/share/moveit_resources_pr2_description/urdf/meshes/shoulder_v0/shoulder_lift_normals.tif
[6.784s] -- Symlinking: /home/achieng/robotics_projects/pick_n_place/install/moveit_resources_pr2_description/share/moveit_resources_pr2_description/urdf/meshes/shoulder_v0/shoulder_pan.dae
[6.798s] -- Symlinking: /home/achieng/robotics_projects/pick_n_place/install/moveit_resources_pr2_description/share/moveit_resources_pr2_description/urdf/meshes/shoulder_v0/shoulder_pan.stl
[6.812s] -- Symlinking: /home/achieng/robotics_projects/pick_n_place/install/moveit_resources_pr2_description/share/moveit_resources_pr2_description/urdf/meshes/shoulder_v0/shoulder_pan_color.tif
[6.826s] -- Symlinking: /home/achieng/robotics_projects/pick_n_place/install/moveit_resources_pr2_description/share/moveit_resources_pr2_description/urdf/meshes/shoulder_v0/shoulder_pan_normals.tif
[6.840s] -- Symlinking: /home/achieng/robotics_projects/pick_n_place/install/moveit_resources_pr2_description/share/moveit_resources_pr2_description/urdf/meshes/shoulder_v0/shoulder_yaw.stl
[6.853s] -- Symlinking: /home/achieng/robotics_projects/pick_n_place/install/moveit_resources_pr2_description/share/moveit_resources_pr2_description/urdf/meshes/shoulder_v0/upper_arm_roll.dae
[6.867s] -- Symlinking: /home/achieng/robotics_projects/pick_n_place/install/moveit_resources_pr2_description/share/moveit_resources_pr2_description/urdf/meshes/shoulder_v0/upper_arm_roll.stl
[6.879s] -- Symlinking: /home/achieng/robotics_projects/pick_n_place/install/moveit_resources_pr2_description/share/moveit_resources_pr2_description/urdf/meshes/shoulder_v0/upper_arm_roll_L.stl
[6.893s] -- Symlinking: /home/achieng/robotics_projects/pick_n_place/install/moveit_resources_pr2_description/share/moveit_resources_pr2_description/urdf/meshes/shoulder_v0/upper_arm_roll_color.tif
[6.906s] -- Symlinking: /home/achieng/robotics_projects/pick_n_place/install/moveit_resources_pr2_description/share/moveit_resources_pr2_description/urdf/meshes/shoulder_v0/upper_arm_roll_normals.tif
[6.924s] -- Symlinking: /home/achieng/robotics_projects/pick_n_place/install/moveit_resources_pr2_description/share/moveit_resources_pr2_description/urdf/meshes/tilting_laser_v0/convex/hok_tilt.dae
[6.937s] -- Symlinking: /home/achieng/robotics_projects/pick_n_place/install/moveit_resources_pr2_description/share/moveit_resources_pr2_description/urdf/meshes/tilting_laser_v0/convex/hok_tilt.xml
[6.951s] -- Symlinking: /home/achieng/robotics_projects/pick_n_place/install/moveit_resources_pr2_description/share/moveit_resources_pr2_description/urdf/meshes/tilting_laser_v0/convex/hok_tilt_convex.stla
[6.965s] -- Symlinking: /home/achieng/robotics_projects/pick_n_place/install/moveit_resources_pr2_description/share/moveit_resources_pr2_description/urdf/meshes/tilting_laser_v0/convex/hok_tilt_convex.stlb
[6.978s] -- Symlinking: /home/achieng/robotics_projects/pick_n_place/install/moveit_resources_pr2_description/share/moveit_resources_pr2_description/urdf/meshes/tilting_laser_v0/convex/tilting_hokuyo.dae
[6.991s] -- Symlinking: /home/achieng/robotics_projects/pick_n_place/install/moveit_resources_pr2_description/share/moveit_resources_pr2_description/urdf/meshes/tilting_laser_v0/convex/tilting_hokuyo.xml
[7.004s] -- Symlinking: /home/achieng/robotics_projects/pick_n_place/install/moveit_resources_pr2_description/share/moveit_resources_pr2_description/urdf/meshes/tilting_laser_v0/convex/tilting_hokuyo_L.dae
[7.020s] -- Symlinking: /home/achieng/robotics_projects/pick_n_place/install/moveit_resources_pr2_description/share/moveit_resources_pr2_description/urdf/meshes/tilting_laser_v0/convex/tilting_hokuyo_L.xml
[7.033s] -- Symlinking: /home/achieng/robotics_projects/pick_n_place/install/moveit_resources_pr2_description/share/moveit_resources_pr2_description/urdf/meshes/tilting_laser_v0/convex/tilting_hokuyo_L_convex.stla
[7.047s] -- Symlinking: /home/achieng/robotics_projects/pick_n_place/install/moveit_resources_pr2_description/share/moveit_resources_pr2_description/urdf/meshes/tilting_laser_v0/convex/tilting_hokuyo_L_convex.stlb
[7.061s] -- Symlinking: /home/achieng/robotics_projects/pick_n_place/install/moveit_resources_pr2_description/share/moveit_resources_pr2_description/urdf/meshes/tilting_laser_v0/convex/tilting_hokuyo_convex.stla
[7.076s] -- Symlinking: /home/achieng/robotics_projects/pick_n_place/install/moveit_resources_pr2_description/share/moveit_resources_pr2_description/urdf/meshes/tilting_laser_v0/convex/tilting_hokuyo_convex.stlb
[7.089s] -- Symlinking: /home/achieng/robotics_projects/pick_n_place/install/moveit_resources_pr2_description/share/moveit_resources_pr2_description/urdf/meshes/tilting_laser_v0/hok_tilt.stl
[7.106s] -- Symlinking: /home/achieng/robotics_projects/pick_n_place/install/moveit_resources_pr2_description/share/moveit_resources_pr2_description/urdf/meshes/tilting_laser_v0/tilting_hokuyo.dae
[7.119s] -- Symlinking: /home/achieng/robotics_projects/pick_n_place/install/moveit_resources_pr2_description/share/moveit_resources_pr2_description/urdf/meshes/tilting_laser_v0/tilting_hokuyo.stl
[7.139s] -- Symlinking: /home/achieng/robotics_projects/pick_n_place/install/moveit_resources_pr2_description/share/moveit_resources_pr2_description/urdf/meshes/tilting_laser_v0/tilting_hokuyo_L.stl
[7.152s] -- Symlinking: /home/achieng/robotics_projects/pick_n_place/install/moveit_resources_pr2_description/share/moveit_resources_pr2_description/urdf/meshes/tilting_laser_v0/tilting_hokuyo_color.tif
[7.166s] -- Symlinking: /home/achieng/robotics_projects/pick_n_place/install/moveit_resources_pr2_description/share/moveit_resources_pr2_description/urdf/meshes/tilting_laser_v0/tilting_hokuyo_normals.tif
[7.181s] -- Symlinking: /home/achieng/robotics_projects/pick_n_place/install/moveit_resources_pr2_description/share/moveit_resources_pr2_description/urdf/meshes/torso_v0/convex/torso.dae
[7.194s] -- Symlinking: /home/achieng/robotics_projects/pick_n_place/install/moveit_resources_pr2_description/share/moveit_resources_pr2_description/urdf/meshes/torso_v0/convex/torso.xml
[7.208s] -- Symlinking: /home/achieng/robotics_projects/pick_n_place/install/moveit_resources_pr2_description/share/moveit_resources_pr2_description/urdf/meshes/torso_v0/convex/torso_convex.stla
[7.221s] -- Symlinking: /home/achieng/robotics_projects/pick_n_place/install/moveit_resources_pr2_description/share/moveit_resources_pr2_description/urdf/meshes/torso_v0/convex/torso_convex.stlb
[7.234s] -- Symlinking: /home/achieng/robotics_projects/pick_n_place/install/moveit_resources_pr2_description/share/moveit_resources_pr2_description/urdf/meshes/torso_v0/convex/torso_lift.dae
[7.248s] -- Symlinking: /home/achieng/robotics_projects/pick_n_place/install/moveit_resources_pr2_description/share/moveit_resources_pr2_description/urdf/meshes/torso_v0/convex/torso_lift.xml
[7.261s] -- Symlinking: /home/achieng/robotics_projects/pick_n_place/install/moveit_resources_pr2_description/share/moveit_resources_pr2_description/urdf/meshes/torso_v0/convex/torso_lift_L.dae
[7.275s] -- Symlinking: /home/achieng/robotics_projects/pick_n_place/install/moveit_resources_pr2_description/share/moveit_resources_pr2_description/urdf/meshes/torso_v0/convex/torso_lift_L.xml
[7.288s] -- Symlinking: /home/achieng/robotics_projects/pick_n_place/install/moveit_resources_pr2_description/share/moveit_resources_pr2_description/urdf/meshes/torso_v0/convex/torso_lift_L_convex.stla
[7.301s] -- Symlinking: /home/achieng/robotics_projects/pick_n_place/install/moveit_resources_pr2_description/share/moveit_resources_pr2_description/urdf/meshes/torso_v0/convex/torso_lift_L_convex.stlb
[7.314s] -- Symlinking: /home/achieng/robotics_projects/pick_n_place/install/moveit_resources_pr2_description/share/moveit_resources_pr2_description/urdf/meshes/torso_v0/convex/torso_lift_convex.stla
[7.327s] -- Symlinking: /home/achieng/robotics_projects/pick_n_place/install/moveit_resources_pr2_description/share/moveit_resources_pr2_description/urdf/meshes/torso_v0/convex/torso_lift_convex.stlb
[7.341s] -- Symlinking: /home/achieng/robotics_projects/pick_n_place/install/moveit_resources_pr2_description/share/moveit_resources_pr2_description/urdf/meshes/torso_v0/torso.stl
[7.358s] -- Symlinking: /home/achieng/robotics_projects/pick_n_place/install/moveit_resources_pr2_description/share/moveit_resources_pr2_description/urdf/meshes/torso_v0/torso_lift.dae
[7.373s] -- Symlinking: /home/achieng/robotics_projects/pick_n_place/install/moveit_resources_pr2_description/share/moveit_resources_pr2_description/urdf/meshes/torso_v0/torso_lift.stl
[7.388s] -- Symlinking: /home/achieng/robotics_projects/pick_n_place/install/moveit_resources_pr2_description/share/moveit_resources_pr2_description/urdf/meshes/torso_v0/torso_lift_L.stl
[7.401s] -- Symlinking: /home/achieng/robotics_projects/pick_n_place/install/moveit_resources_pr2_description/share/moveit_resources_pr2_description/urdf/meshes/torso_v0/torso_lift_color.tif
[7.418s] -- Symlinking: /home/achieng/robotics_projects/pick_n_place/install/moveit_resources_pr2_description/share/moveit_resources_pr2_description/urdf/meshes/torso_v0/torso_lift_normals.tif
[7.432s] -- Symlinking: /home/achieng/robotics_projects/pick_n_place/install/moveit_resources_pr2_description/share/moveit_resources_pr2_description/urdf/meshes/upper_arm_v0/convex/elbow_flex.dae
[7.449s] -- Symlinking: /home/achieng/robotics_projects/pick_n_place/install/moveit_resources_pr2_description/share/moveit_resources_pr2_description/urdf/meshes/upper_arm_v0/convex/elbow_flex.xml
[7.464s] -- Symlinking: /home/achieng/robotics_projects/pick_n_place/install/moveit_resources_pr2_description/share/moveit_resources_pr2_description/urdf/meshes/upper_arm_v0/convex/elbow_flex_convex.stla
[7.480s] -- Symlinking: /home/achieng/robotics_projects/pick_n_place/install/moveit_resources_pr2_description/share/moveit_resources_pr2_description/urdf/meshes/upper_arm_v0/convex/elbow_flex_convex.stlb
[7.496s] -- Symlinking: /home/achieng/robotics_projects/pick_n_place/install/moveit_resources_pr2_description/share/moveit_resources_pr2_description/urdf/meshes/upper_arm_v0/convex/forearm_roll.dae
[7.516s] -- Symlinking: /home/achieng/robotics_projects/pick_n_place/install/moveit_resources_pr2_description/share/moveit_resources_pr2_description/urdf/meshes/upper_arm_v0/convex/forearm_roll.xml
[7.533s] -- Symlinking: /home/achieng/robotics_projects/pick_n_place/install/moveit_resources_pr2_description/share/moveit_resources_pr2_description/urdf/meshes/upper_arm_v0/convex/forearm_roll_L.dae
[7.550s] -- Symlinking: /home/achieng/robotics_projects/pick_n_place/install/moveit_resources_pr2_description/share/moveit_resources_pr2_description/urdf/meshes/upper_arm_v0/convex/forearm_roll_L.xml
[7.562s] -- Symlinking: /home/achieng/robotics_projects/pick_n_place/install/moveit_resources_pr2_description/share/moveit_resources_pr2_description/urdf/meshes/upper_arm_v0/convex/forearm_roll_L_convex.stla
[7.576s] -- Symlinking: /home/achieng/robotics_projects/pick_n_place/install/moveit_resources_pr2_description/share/moveit_resources_pr2_description/urdf/meshes/upper_arm_v0/convex/forearm_roll_L_convex.stlb
[7.588s] -- Symlinking: /home/achieng/robotics_projects/pick_n_place/install/moveit_resources_pr2_description/share/moveit_resources_pr2_description/urdf/meshes/upper_arm_v0/convex/forearm_roll_convex.stla
[7.601s] -- Symlinking: /home/achieng/robotics_projects/pick_n_place/install/moveit_resources_pr2_description/share/moveit_resources_pr2_description/urdf/meshes/upper_arm_v0/convex/forearm_roll_convex.stlb
[7.613s] -- Symlinking: /home/achieng/robotics_projects/pick_n_place/install/moveit_resources_pr2_description/share/moveit_resources_pr2_description/urdf/meshes/upper_arm_v0/convex/upper_arm.dae
[7.626s] -- Symlinking: /home/achieng/robotics_projects/pick_n_place/install/moveit_resources_pr2_description/share/moveit_resources_pr2_description/urdf/meshes/upper_arm_v0/convex/upper_arm.xml
[7.638s] -- Symlinking: /home/achieng/robotics_projects/pick_n_place/install/moveit_resources_pr2_description/share/moveit_resources_pr2_description/urdf/meshes/upper_arm_v0/convex/upper_arm_convex.stla
[7.650s] -- Symlinking: /home/achieng/robotics_projects/pick_n_place/install/moveit_resources_pr2_description/share/moveit_resources_pr2_description/urdf/meshes/upper_arm_v0/convex/upper_arm_convex.stlb
[7.663s] -- Symlinking: /home/achieng/robotics_projects/pick_n_place/install/moveit_resources_pr2_description/share/moveit_resources_pr2_description/urdf/meshes/upper_arm_v0/elbow_flex.dae
[7.675s] -- Symlinking: /home/achieng/robotics_projects/pick_n_place/install/moveit_resources_pr2_description/share/moveit_resources_pr2_description/urdf/meshes/upper_arm_v0/elbow_flex.stl
[7.688s] -- Symlinking: /home/achieng/robotics_projects/pick_n_place/install/moveit_resources_pr2_description/share/moveit_resources_pr2_description/urdf/meshes/upper_arm_v0/elbow_flex_color.tif
[7.700s] -- Symlinking: /home/achieng/robotics_projects/pick_n_place/install/moveit_resources_pr2_description/share/moveit_resources_pr2_description/urdf/meshes/upper_arm_v0/elbow_flex_normals.tif
[7.712s] -- Symlinking: /home/achieng/robotics_projects/pick_n_place/install/moveit_resources_pr2_description/share/moveit_resources_pr2_description/urdf/meshes/upper_arm_v0/forearm_roll.stl
[7.724s] -- Symlinking: /home/achieng/robotics_projects/pick_n_place/install/moveit_resources_pr2_description/share/moveit_resources_pr2_description/urdf/meshes/upper_arm_v0/forearm_roll_L.stl
[7.737s] -- Symlinking: /home/achieng/robotics_projects/pick_n_place/install/moveit_resources_pr2_description/share/moveit_resources_pr2_description/urdf/meshes/upper_arm_v0/upper_arm.dae
[7.749s] -- Symlinking: /home/achieng/robotics_projects/pick_n_place/install/moveit_resources_pr2_description/share/moveit_resources_pr2_description/urdf/meshes/upper_arm_v0/upper_arm.jpg
[7.761s] -- Symlinking: /home/achieng/robotics_projects/pick_n_place/install/moveit_resources_pr2_description/share/moveit_resources_pr2_description/urdf/meshes/upper_arm_v0/upper_arm.stl
[7.773s] -- Symlinking: /home/achieng/robotics_projects/pick_n_place/install/moveit_resources_pr2_description/share/moveit_resources_pr2_description/urdf/meshes/upper_arm_v0/upper_arm_color.tif
[7.785s] -- Symlinking: /home/achieng/robotics_projects/pick_n_place/install/moveit_resources_pr2_description/share/moveit_resources_pr2_description/urdf/meshes/upper_arm_v0/upper_arm_normals.tif
[7.797s] -- Symlinking: /home/achieng/robotics_projects/pick_n_place/install/moveit_resources_pr2_description/share/moveit_resources_pr2_description/urdf/robot.xml
[7.810s] -- Symlinking: /home/achieng/robotics_projects/pick_n_place/install/moveit_resources_pr2_description/share/moveit_resources_pr2_description/kinect.dae
[7.824s] Invoked command in '/home/achieng/robotics_projects/pick_n_place/build/moveit_resources_pr2_description' returned '0': CMAKE_PREFIX_PATH=${CMAKE_PREFIX_PATH}:/home/achieng/robotics_projects/pick_n_place/install/panda_sim:/opt/ros/jazzy DEBUGINFOD_URLS=https://debuginfod.ubuntu.com /usr/bin/cmake --install /home/achieng/robotics_projects/pick_n_place/build/moveit_resources_pr2_description
