[0.035s] Invoking command in '/home/achieng/robotics_projects/pick_n_place/build/moveit_resources_fanuc_description': CMAKE_PREFIX_PATH=${CMAKE_PREFIX_PATH}:/home/achieng/robotics_projects/pick_n_place/install/panda_sim:/opt/ros/jazzy DEBUGINFOD_URLS=https://debuginfod.ubuntu.com /usr/bin/cmake /home/achieng/robotics_projects/pick_n_place/src/moveit_resources/fanuc_description -DAMENT_CMAKE_SYMLINK_INSTALL=1 -DCMAKE_INSTALL_PREFIX=/home/achieng/robotics_projects/pick_n_place/install/moveit_resources_fanuc_description
[0.174s] -- The C compiler identification is GNU 13.3.0
[0.316s] -- The CXX compiler identification is GNU 13.3.0
[0.351s] -- Detecting C compiler ABI info
[0.562s] -- Detecting C compiler ABI info - done
[0.586s] -- Check for working C compiler: /usr/bin/cc - skipped
[0.588s] -- Detecting C compile features
[0.589s] -- Detecting C compile features - done
[0.619s] -- Detecting CXX compiler ABI info
[0.852s] -- Detecting CXX compiler ABI info - done
[0.882s] -- Check for working CXX compiler: /usr/bin/c++ - skipped
[0.883s] -- Detecting CXX compile features
[0.884s] -- Detecting CXX compile features - done
[0.896s] -- Found ament_cmake: 2.5.3 (/opt/ros/jazzy/share/ament_cmake/cmake)
[1.357s] -- Found Python3: /usr/bin/python3 (found version "3.12.3") found components: Interpreter 
[1.561s] -- Override CMake install command with custom implementation using symlinks instead of copying resources
[2.009s] -- Configuring done (2.0s)
[2.017s] -- Generating done (0.0s)
[2.027s] -- Build files have been written to: /home/achieng/robotics_projects/pick_n_place/build/moveit_resources_fanuc_description
[2.037s] Invoked command in '/home/achieng/robotics_projects/pick_n_place/build/moveit_resources_fanuc_description' returned '0': CMAKE_PREFIX_PATH=${CMAKE_PREFIX_PATH}:/home/achieng/robotics_projects/pick_n_place/install/panda_sim:/opt/ros/jazzy DEBUGINFOD_URLS=https://debuginfod.ubuntu.com /usr/bin/cmake /home/achieng/robotics_projects/pick_n_place/src/moveit_resources/fanuc_description -DAMENT_CMAKE_SYMLINK_INSTALL=1 -DCMAKE_INSTALL_PREFIX=/home/achieng/robotics_projects/pick_n_place/install/moveit_resources_fanuc_description
[2.039s] Invoking command in '/home/achieng/robotics_projects/pick_n_place/build/moveit_resources_fanuc_description': CMAKE_PREFIX_PATH=${CMAKE_PREFIX_PATH}:/home/achieng/robotics_projects/pick_n_place/install/panda_sim:/opt/ros/jazzy DEBUGINFOD_URLS=https://debuginfod.ubuntu.com /usr/bin/cmake --build /home/achieng/robotics_projects/pick_n_place/build/moveit_resources_fanuc_description -- -j4 -l4
[2.153s] Invoked command in '/home/achieng/robotics_projects/pick_n_place/build/moveit_resources_fanuc_description' returned '0': CMAKE_PREFIX_PATH=${CMAKE_PREFIX_PATH}:/home/achieng/robotics_projects/pick_n_place/install/panda_sim:/opt/ros/jazzy DEBUGINFOD_URLS=https://debuginfod.ubuntu.com /usr/bin/cmake --build /home/achieng/robotics_projects/pick_n_place/build/moveit_resources_fanuc_description -- -j4 -l4
[2.154s] Invoking command in '/home/achieng/robotics_projects/pick_n_place/build/moveit_resources_fanuc_description': CMAKE_PREFIX_PATH=${CMAKE_PREFIX_PATH}:/home/achieng/robotics_projects/pick_n_place/install/panda_sim:/opt/ros/jazzy DEBUGINFOD_URLS=https://debuginfod.ubuntu.com /usr/bin/cmake --install /home/achieng/robotics_projects/pick_n_place/build/moveit_resources_fanuc_description
[2.177s] -- Install configuration: ""
[2.178s] -- Execute custom install script
[2.179s] -- Symlinking: /home/achieng/robotics_projects/pick_n_place/install/moveit_resources_fanuc_description/share/ament_index/resource_index/package_run_dependencies/moveit_resources_fanuc_description
[2.203s] -- Symlinking: /home/achieng/robotics_projects/pick_n_place/install/moveit_resources_fanuc_description/share/ament_index/resource_index/parent_prefix_path/moveit_resources_fanuc_description
[2.230s] -- Symlinking: /home/achieng/robotics_projects/pick_n_place/install/moveit_resources_fanuc_description/share/moveit_resources_fanuc_description/environment/ament_prefix_path.sh
[2.251s] -- Symlinking: /home/achieng/robotics_projects/pick_n_place/install/moveit_resources_fanuc_description/share/moveit_resources_fanuc_description/environment/ament_prefix_path.dsv
[2.271s] -- Symlinking: /home/achieng/robotics_projects/pick_n_place/install/moveit_resources_fanuc_description/share/moveit_resources_fanuc_description/environment/path.sh
[2.291s] -- Symlinking: /home/achieng/robotics_projects/pick_n_place/install/moveit_resources_fanuc_description/share/moveit_resources_fanuc_description/environment/path.dsv
[2.315s] -- Symlinking: /home/achieng/robotics_projects/pick_n_place/install/moveit_resources_fanuc_description/share/moveit_resources_fanuc_description/local_setup.bash
[2.337s] -- Symlinking: /home/achieng/robotics_projects/pick_n_place/install/moveit_resources_fanuc_description/share/moveit_resources_fanuc_description/local_setup.sh
[2.359s] -- Symlinking: /home/achieng/robotics_projects/pick_n_place/install/moveit_resources_fanuc_description/share/moveit_resources_fanuc_description/local_setup.zsh
[2.381s] -- Symlinking: /home/achieng/robotics_projects/pick_n_place/install/moveit_resources_fanuc_description/share/moveit_resources_fanuc_description/local_setup.dsv
[2.405s] -- Symlinking: /home/achieng/robotics_projects/pick_n_place/install/moveit_resources_fanuc_description/share/moveit_resources_fanuc_description/package.dsv
[2.432s] -- Symlinking: /home/achieng/robotics_projects/pick_n_place/install/moveit_resources_fanuc_description/share/ament_index/resource_index/packages/moveit_resources_fanuc_description
[2.454s] -- Symlinking: /home/achieng/robotics_projects/pick_n_place/install/moveit_resources_fanuc_description/share/moveit_resources_fanuc_description/cmake/moveit_resources_fanuc_descriptionConfig.cmake
[2.477s] -- Symlinking: /home/achieng/robotics_projects/pick_n_place/install/moveit_resources_fanuc_description/share/moveit_resources_fanuc_description/cmake/moveit_resources_fanuc_descriptionConfig-version.cmake
[2.498s] -- Symlinking: /home/achieng/robotics_projects/pick_n_place/install/moveit_resources_fanuc_description/share/moveit_resources_fanuc_description/package.xml
[2.531s] -- Symlinking: /home/achieng/robotics_projects/pick_n_place/install/moveit_resources_fanuc_description/share/moveit_resources_fanuc_description/meshes/collision/base_link.stl
[2.556s] -- Symlinking: /home/achieng/robotics_projects/pick_n_place/install/moveit_resources_fanuc_description/share/moveit_resources_fanuc_description/meshes/collision/link_1.stl
[2.582s] -- Symlinking: /home/achieng/robotics_projects/pick_n_place/install/moveit_resources_fanuc_description/share/moveit_resources_fanuc_description/meshes/collision/link_2.stl
[2.621s] -- Symlinking: /home/achieng/robotics_projects/pick_n_place/install/moveit_resources_fanuc_description/share/moveit_resources_fanuc_description/meshes/collision/link_3.stl
[2.647s] -- Symlinking: /home/achieng/robotics_projects/pick_n_place/install/moveit_resources_fanuc_description/share/moveit_resources_fanuc_description/meshes/collision/link_4.stl
[2.664s] -- Symlinking: /home/achieng/robotics_projects/pick_n_place/install/moveit_resources_fanuc_description/share/moveit_resources_fanuc_description/meshes/collision/link_5.stl
[2.687s] -- Symlinking: /home/achieng/robotics_projects/pick_n_place/install/moveit_resources_fanuc_description/share/moveit_resources_fanuc_description/meshes/collision/link_6.stl
[2.721s] -- Symlinking: /home/achieng/robotics_projects/pick_n_place/install/moveit_resources_fanuc_description/share/moveit_resources_fanuc_description/meshes/visual/base_link.stl
[2.783s] -- Symlinking: /home/achieng/robotics_projects/pick_n_place/install/moveit_resources_fanuc_description/share/moveit_resources_fanuc_description/meshes/visual/link_1.stl
[2.809s] -- Symlinking: /home/achieng/robotics_projects/pick_n_place/install/moveit_resources_fanuc_description/share/moveit_resources_fanuc_description/meshes/visual/link_2.stl
[2.829s] -- Symlinking: /home/achieng/robotics_projects/pick_n_place/install/moveit_resources_fanuc_description/share/moveit_resources_fanuc_description/meshes/visual/link_3.stl
[2.850s] -- Symlinking: /home/achieng/robotics_projects/pick_n_place/install/moveit_resources_fanuc_description/share/moveit_resources_fanuc_description/meshes/visual/link_4.stl
[2.869s] -- Symlinking: /home/achieng/robotics_projects/pick_n_place/install/moveit_resources_fanuc_description/share/moveit_resources_fanuc_description/meshes/visual/link_5.stl
[2.890s] -- Symlinking: /home/achieng/robotics_projects/pick_n_place/install/moveit_resources_fanuc_description/share/moveit_resources_fanuc_description/meshes/visual/link_6.stl
[2.912s] -- Symlinking: /home/achieng/robotics_projects/pick_n_place/install/moveit_resources_fanuc_description/share/moveit_resources_fanuc_description/urdf/fanuc.urdf
[2.937s] Invoked command in '/home/achieng/robotics_projects/pick_n_place/build/moveit_resources_fanuc_description' returned '0': CMAKE_PREFIX_PATH=${CMAKE_PREFIX_PATH}:/home/achieng/robotics_projects/pick_n_place/install/panda_sim:/opt/ros/jazzy DEBUGINFOD_URLS=https://debuginfod.ubuntu.com /usr/bin/cmake --install /home/achieng/robotics_projects/pick_n_place/build/moveit_resources_fanuc_description
