running develop
running egg_info
creating panda_sim.egg-info
writing panda_sim.egg-info/PKG-INFO
writing dependency_links to panda_sim.egg-info/dependency_links.txt
writing requirements to panda_sim.egg-info/requires.txt
writing top-level names to panda_sim.egg-info/top_level.txt
writing manifest file 'panda_sim.egg-info/SOURCES.txt'
reading manifest file 'panda_sim.egg-info/SOURCES.txt'
writing manifest file 'panda_sim.egg-info/SOURCES.txt'
running build_ext
Creating /home/achieng/robotics_projects/pick_n_place/install/panda_sim/lib/python3.12/site-packages/panda-sim.egg-link (link to .)

Installed /home/achieng/robotics_projects/pick_n_place/build/panda_sim
running symlink_data
creating /home/achieng/robotics_projects/pick_n_place/install/panda_sim/share/ament_index
creating /home/achieng/robotics_projects/pick_n_place/install/panda_sim/share/ament_index/resource_index
creating /home/achieng/robotics_projects/pick_n_place/install/panda_sim/share/ament_index/resource_index/packages
symbolically linking /home/achieng/robotics_projects/pick_n_place/build/panda_sim/resource/panda_sim -> /home/achieng/robotics_projects/pick_n_place/install/panda_sim/share/ament_index/resource_index/packages
creating /home/achieng/robotics_projects/pick_n_place/install/panda_sim/share/panda_sim/launch
symbolically linking /home/achieng/robotics_projects/pick_n_place/build/panda_sim/launch/panda_sim_moveit.launch.py -> /home/achieng/robotics_projects/pick_n_place/install/panda_sim/share/panda_sim/launch
symbolically linking /home/achieng/robotics_projects/pick_n_place/build/panda_sim/package.xml -> /home/achieng/robotics_projects/pick_n_place/install/panda_sim/share/panda_sim
