[2.600s] Invoking command in '/home/achieng/robotics_projects/pick_n_place/build/panda_sim': DEBUGINFOD_URLS=https://debuginfod.ubuntu.com PYTHONPATH=/home/achieng/robotics_projects/pick_n_place/build/panda_sim/prefix_override:/usr/lib/python3/dist-packages/colcon_core/task/python/colcon_distutils_commands:/home/achieng/robotics_projects/pick_n_place/install/panda_sim/lib/python3.12/site-packages:${PYTHONPATH} /usr/bin/python3 -W ignore:setup.py install is deprecated -W ignore:easy_install command is deprecated setup.py develop --editable --build-directory /home/achieng/robotics_projects/pick_n_place/build/panda_sim/build --no-deps symlink_data
[3.868s] running develop
[4.617s] running egg_info
[4.617s] creating panda_sim.egg-info
[4.682s] writing panda_sim.egg-info/PKG-INFO
[4.683s] writing dependency_links to panda_sim.egg-info/dependency_links.txt
[4.684s] writing requirements to panda_sim.egg-info/requires.txt
[4.684s] writing top-level names to panda_sim.egg-info/top_level.txt
[4.685s] writing manifest file 'panda_sim.egg-info/SOURCES.txt'
[4.750s] reading manifest file 'panda_sim.egg-info/SOURCES.txt'
[4.751s] writing manifest file 'panda_sim.egg-info/SOURCES.txt'
[4.825s] running build_ext
[4.900s] Creating /home/achieng/robotics_projects/pick_n_place/install/panda_sim/lib/python3.12/site-packages/panda-sim.egg-link (link to .)
[4.901s] 
[4.903s] Installed /home/achieng/robotics_projects/pick_n_place/build/panda_sim
[4.904s] running symlink_data
[4.904s] creating /home/achieng/robotics_projects/pick_n_place/install/panda_sim/share/ament_index
[4.904s] creating /home/achieng/robotics_projects/pick_n_place/install/panda_sim/share/ament_index/resource_index
[4.904s] creating /home/achieng/robotics_projects/pick_n_place/install/panda_sim/share/ament_index/resource_index/packages
[4.904s] symbolically linking /home/achieng/robotics_projects/pick_n_place/build/panda_sim/resource/panda_sim -> /home/achieng/robotics_projects/pick_n_place/install/panda_sim/share/ament_index/resource_index/packages
[4.905s] creating /home/achieng/robotics_projects/pick_n_place/install/panda_sim/share/panda_sim/launch
[4.905s] symbolically linking /home/achieng/robotics_projects/pick_n_place/build/panda_sim/launch/panda_sim_moveit.launch.py -> /home/achieng/robotics_projects/pick_n_place/install/panda_sim/share/panda_sim/launch
[4.905s] symbolically linking /home/achieng/robotics_projects/pick_n_place/build/panda_sim/package.xml -> /home/achieng/robotics_projects/pick_n_place/install/panda_sim/share/panda_sim
[5.198s] Invoked command in '/home/achieng/robotics_projects/pick_n_place/build/panda_sim' returned '0': DEBUGINFOD_URLS=https://debuginfod.ubuntu.com PYTHONPATH=/home/achieng/robotics_projects/pick_n_place/build/panda_sim/prefix_override:/usr/lib/python3/dist-packages/colcon_core/task/python/colcon_distutils_commands:/home/achieng/robotics_projects/pick_n_place/install/panda_sim/lib/python3.12/site-packages:${PYTHONPATH} /usr/bin/python3 -W ignore:setup.py install is deprecated -W ignore:easy_install command is deprecated setup.py develop --editable --build-directory /home/achieng/robotics_projects/pick_n_place/build/panda_sim/build --no-deps symlink_data
